<?xml version="1.0" encoding="UTF-8"?>
<testng-results ignored="0" total="1" passed="1" failed="0" skipped="0">
  <reporter-output>
  </reporter-output>
  <suite started-at="2024-10-11T15:51:31 IST" name="Default suite" finished-at="2024-10-11T15:52:40 IST" duration-ms="69187">
    <groups>
    </groups>
    <test started-at="2024-10-11T15:51:31 IST" name="Default test" finished-at="2024-10-11T15:52:40 IST" duration-ms="69187">
      <class name="tests.createNewProductRequest">
        <test-method is-config="true" signature="setup()[pri:0, instance:tests.createNewProductRequest@13fd2ccd]" started-at="2024-10-11T15:51:31 IST" name="setup" finished-at="2024-10-11T15:51:58 IST" duration-ms="26952" status="PASS">
          <reporter-output>
          </reporter-output>
        </test-method> <!-- setup -->
        <test-method signature="Verify_Create_new_product_Request()[pri:0, instance:tests.createNewProductRequest@13fd2ccd]" started-at="2024-10-11T15:51:58 IST" name="Verify_Create_new_product_Request" finished-at="2024-10-11T15:52:39 IST" duration-ms="41874" status="PASS">
          <reporter-output>
          </reporter-output>
        </test-method> <!-- Verify_Create_new_product_Request -->
        <test-method is-config="true" signature="tearDown()[pri:0, instance:tests.createNewProductRequest@13fd2ccd]" started-at="2024-10-11T15:52:39 IST" name="tearDown" finished-at="2024-10-11T15:52:40 IST" duration-ms="332" status="PASS">
          <reporter-output>
          </reporter-output>
        </test-method> <!-- tearDown -->
      </class> <!-- tests.createNewProductRequest -->
    </test> <!-- Default test -->
  </suite> <!-- Default suite -->
</testng-results>
