<?xml version="1.0" encoding="UTF-8"?>
<testng-results ignored="0" total="1" passed="1" failed="0" skipped="0">
  <reporter-output>
  </reporter-output>
  <suite started-at="2024-09-12T00:42:46 IST" name="Default suite" finished-at="2024-09-12T00:43:06 IST" duration-ms="20048">
    <groups>
    </groups>
    <test started-at="2024-09-12T00:42:46 IST" name="Default test" finished-at="2024-09-12T00:43:06 IST" duration-ms="20048">
      <class name="Toggle3d.aritize.com.TC_Internal_Selfserve_Login">
        <test-method is-config="true" signature="Launchbroswer()[pri:0, instance:Toggle3d.aritize.com.TC_Internal_Selfserve_Login@13fd2ccd]" started-at="2024-09-12T00:42:46 IST" name="Launchbroswer" finished-at="2024-09-12T00:42:48 IST" duration-ms="1380" status="PASS">
          <reporter-output>
          </reporter-output>
        </test-method> <!-- Launchbroswer -->
        <test-method signature="Checkhomepage()[pri:0, instance:Toggle3d.aritize.com.TC_Internal_Selfserve_Login@13fd2ccd]" started-at="2024-09-12T00:42:48 IST" name="Checkhomepage" finished-at="2024-09-12T00:43:06 IST" duration-ms="18641" status="PASS">
          <reporter-output>
          </reporter-output>
        </test-method> <!-- Checkhomepage -->
        <test-method is-config="true" signature="browserclosure()[pri:0, instance:Toggle3d.aritize.com.TC_Internal_Selfserve_Login@13fd2ccd]" started-at="2024-09-12T00:43:06 IST" name="browserclosure" finished-at="2024-09-12T00:43:06 IST" duration-ms="4" status="PASS">
          <reporter-output>
          </reporter-output>
        </test-method> <!-- browserclosure -->
      </class> <!-- Toggle3d.aritize.com.TC_Internal_Selfserve_Login -->
    </test> <!-- Default test -->
  </suite> <!-- Default suite -->
</testng-results>
